<?xml version="1.0" encoding="UTF-8"?>
<testsuite xmlns:xsi="http://www.w3.org/2001/XMLSchema-instance" xsi:noNamespaceSchemaLocation="https://maven.apache.org/surefire/maven-surefire-plugin/xsd/surefire-test-report-3.0.xsd" version="3.0" name="cucumber.Options.TestRunner" time="18.258" tests="1" errors="0" skipped="0" failures="0">
  <properties>
[...]
</properties>
  <testcase name="Verify if delete place functionality is working fine" classname="Validating Place APIs" time="16.772">
    <system-out><![CDATA[AddPlaceAPI POST
GetPlaceAPI GET
DeletePlaceAPI DELETE
]]></system-out>
  </testcase>
</testsuite>