<?xml version="1.0" encoding="UTF-8"?>
<testsuite xmlns:xsi="http://www.w3.org/2001/XMLSchema-instance" xsi:noNamespaceSchemaLocation="https://maven.apache.org/surefire/maven-surefire-plugin/xsd/surefire-test-report-3.0.xsd" version="3.0" name="cucumber.Options.TestRunner" time="8.815" tests="4" errors="0" skipped="0" failures="0">
  <properties>
[...]
</properties>
  <testcase name="Verify if place is being added successfully using AddPlaceAPI #1" classname="Validating Place APIs" time="3.228">
    <system-out><![CDATA[AddPlaceAPI post
]]></system-out>
  </testcase>
  <testcase name="Verify if place is being added successfully using AddPlaceAPI #2" classname="Validating Place APIs" time="0.322">
    <system-out><![CDATA[AddPlaceAPI post
]]></system-out>
  </testcase>
  <testcase name="Verify if getPlaceAPI is fetching correct information as given while hitting AddPlaceAPI" classname="Validating Place APIs" time="2.214">
    <system-out><![CDATA[AddPlaceAPI post
GetPlaceAPI GET
]]></system-out>
  </testcase>
  <testcase name="Verify if delete place functionality is working fine" classname="Validating Place APIs" time="2.207">
    <system-out><![CDATA[DeletePlaceAPI DELETE
]]></system-out>
  </testcase>
</testsuite>